Build started 1/13/2015 8:57:53 AM.
     1>Project "D:\Facultate\AN III\SEM I\GPS\VillageSquare\VillageSquare.vcxproj" on node 2 (Build target(s)).
     1>C:\Program Files (x86)\MSBuild\Microsoft.Cpp\v4.0\V120\Microsoft.CppBuild.targets(363,5): warning MSB8004: Intermediate Directory does not end with a trailing slash.  This build instance will add the slash as it is required to allow proper evaluation of the Intermediate Directory.
     1>C:\Program Files (x86)\MSBuild\Microsoft.Cpp\v4.0\V120\Microsoft.CppBuild.targets(364,5): warning MSB8004: Output Directory does not end with a trailing slash.  This build instance will add the slash as it is required to allow proper evaluation of the Output Directory.
     1>ClCompile:
         C:\Program Files (x86)\Microsoft Visual Studio 12.0\VC\bin\CL.exe /c /ZI /nologo /W3 /WX- /Od /Oy- /D WIN32 /D _DEBUG /D _CONSOLE /D _VC80_UPGRADE=0x0600 /D _MBCS /Gm /EHsc /RTC1 /MDd /GS /Gy- /fp:precise /Zc:wchar_t /Zc:forScope /Fo".\Debug\\" /Fd".\Debug\vc120.pdb" /Gd /TP /analyze- /errorReport:prompt VillageSquare.cpp
         VillageSquare.cpp
       Link:
         C:\Program Files (x86)\Microsoft Visual Studio 12.0\VC\bin\link.exe /ERRORREPORT:PROMPT /OUT:".\Debug\VillageSquare.exe" /INCREMENTAL /NOLOGO odbc32.lib odbccp32.lib opengl32.lib glu32.lib glut32.lib SOIL.lib kernel32.lib user32.lib gdi32.lib winspool.lib comdlg32.lib advapi32.lib shell32.lib ole32.lib oleaut32.lib uuid.lib odbc32.lib odbccp32.lib /MANIFEST /MANIFESTUAC:"level='asInvoker' uiAccess='false'" /manifest:embed /DEBUG /PDB:".\Debug\VillageSquare.pdb" /SUBSYSTEM:CONSOLE /TLBID:1 /DYNAMICBASE /NXCOMPAT /IMPLIB:".\Debug\VillageSquare.lib" /MACHINE:X86 /SAFESEH .\Debug\Shadows.obj
         .\Debug\glm.obj
         .\Debug\MapGenerator.obj
         .\Debug\Skybox.obj
         .\Debug\StdAfx.obj
         .\Debug\TextureLoader.obj
         .\Debug\tga.obj
         .\Debug\VillageSquare.obj
         VillageSquare.vcxproj -> D:\Facultate\AN III\SEM I\GPS\VillageSquare\.\Debug\VillageSquare.exe
     1>Done Building Project "D:\Facultate\AN III\SEM I\GPS\VillageSquare\VillageSquare.vcxproj" (Build target(s)).

Build succeeded.

Time Elapsed 00:00:00.53
